app/build/outputs/mapping/release/seeds.txt
com.codeforces.app.data.db.CodeforcesDatabase_Impl
com.codeforces.app.MainActivity_GeneratedInjector
com.codeforces.app.data.api.StandingsDto
com.codeforces.app.data.api.ContestDto
com.codeforces.app.data.api.ProblemDto
com.codeforces.app.data.api.ProblemStatisticsDto
com.codeforces.app.data.api.CodeforcesApiService$DefaultImpls
com.codeforces.app.data.api.RatingChangeDto
com.codeforces.app.notifications.ContestReminderBootReceiver
com.codeforces.app.data.api.CodeforcesApiService
com.codeforces.app.data.api.AuthorDto
com.codeforces.app.notifications.ContestReminderReceiver
com.codeforces.app.data.api.ProblemResultDto
com.codeforces.app.notifications.ContestReminderBootReceiver_GeneratedInjector
com.codeforces.app.CodeforcesApp
com.codeforces.app.data.db.CodeforcesDatabase
com.codeforces.app.data.api.UserDto
com.codeforces.app.data.db.Converters$toStringList$type$1
com.codeforces.app.data.api.MemberDto
com.codeforces.app.CodeforcesApp_GeneratedInjector
com.codeforces.app.data.db.Converters
com.codeforces.app.data.api.ProblemSetResultDto
com.codeforces.app.MainActivity
com.codeforces.app.data.api.BlogEntryDto
com.codeforces.app.data.api.RanklistRowDto
com.codeforces.app.data.api.SubmissionDto
com.codeforces.app.data.api.RecentActionDto
com.codeforces.app.data.api.CommentDto
com.codeforces.app.data.api.CfResponse
com.codeforces.app.data.api.CommentDto: java.lang.String commentatorHandle
com.codeforces.app.data.api.RatingChangeDto: int $stable
com.codeforces.app.data.api.UserDto: long lastOnlineTimeSeconds
com.codeforces.app.data.api.UserDto: java.lang.String lastName
com.codeforces.app.data.api.RatingChangeDto: int rank
com.codeforces.app.data.api.CfResponse: java.lang.String status
com.codeforces.app.data.api.UserDto: int maxRating
com.codeforces.app.data.api.BlogEntryDto: java.lang.String originalLocale
com.codeforces.app.data.api.RatingChangeDto: java.lang.String handle
com.codeforces.app.data.api.ContestDto: java.lang.String season
com.codeforces.app.data.api.UserDto: int contribution
com.codeforces.app.data.api.ProblemDto: java.lang.String type
com.codeforces.app.data.api.UserDto: java.lang.String country
com.codeforces.app.data.api.CfResponse: java.lang.String comment
com.codeforces.app.data.api.BlogEntryDto: int rating
com.codeforces.app.data.api.BlogEntryDto: boolean allowViewHistory
com.codeforces.app.data.api.RanklistRowDto: com.codeforces.app.data.api.AuthorDto party
com.codeforces.app.data.api.RanklistRowDto: int unsuccessfulHackCount
com.codeforces.app.data.api.UserDto: java.lang.String firstName
com.codeforces.app.data.api.ProblemResultDto: int rejectedAttemptCount
com.codeforces.app.data.api.RanklistRowDto: java.util.List problemResults
com.codeforces.app.data.api.SubmissionDto: java.lang.String testset
com.codeforces.app.data.api.ContestDto: java.lang.String country
com.codeforces.app.data.api.ContestDto: int $stable
com.codeforces.app.data.api.ContestDto: java.lang.String phase
com.codeforces.app.data.api.ContestDto: int id
com.codeforces.app.data.api.StandingsDto: com.codeforces.app.data.api.ContestDto contest
com.codeforces.app.data.api.RanklistRowDto: double points
com.codeforces.app.data.api.ContestDto: boolean frozen
com.codeforces.app.data.api.MemberDto: int $stable
com.codeforces.app.data.api.BlogEntryDto: long modificationTimeSeconds
com.codeforces.app.data.api.SubmissionDto: com.codeforces.app.data.api.AuthorDto author
com.codeforces.app.data.api.ContestDto: java.lang.String city
com.codeforces.app.data.api.RatingChangeDto: int contestId
com.codeforces.app.data.api.ProblemResultDto: java.lang.Long bestSubmissionTimeSeconds
com.codeforces.app.data.api.AuthorDto: java.lang.String teamName
com.codeforces.app.data.api.BlogEntryDto: java.lang.String locale
com.codeforces.app.data.api.BlogEntryDto: java.lang.String title
com.codeforces.app.data.api.AuthorDto: java.lang.Integer teamId
com.codeforces.app.data.api.CommentDto: long creationTimeSeconds
...
org.jsoup.parser.TokeniserState$34: TokeniserState$34(java.lang.String,int)
org.jsoup.select.StructuralEvaluator: void reset()
androidx.appcompat.widget.ActionBarOverlayLayout: void setUiOptions(int)
org.jsoup.parser.ParseSettings: java.lang.String normalizeTag(java.lang.String)
org.jsoup.parser.Token$TokenType: Token$TokenType(java.lang.String,int)
androidx.core.view.WindowInsetsCompat$Impl: androidx.core.graphics.Insets getSystemWindowInsets()
org.jsoup.Connection$Request: java.util.Collection data()
org.jsoup.parser.Tokeniser: Tokeniser(org.jsoup.parser.TreeBuilder)
androidx.lifecycle.EmptyActivityLifecycleCallbacks: void onActivityStopped(android.app.Activity)
org.jsoup.nodes.CDataNode: org.jsoup.nodes.CDataNode clone()
org.jsoup.internal.StringUtil: boolean isNumeric(java.lang.String)
org.jsoup.helper.W3CDom: java.util.List sourceNodes(org.w3c.dom.NodeList,java.lang.Class)
org.jsoup.parser.HtmlTreeBuilderState: void handleRawtext(org.jsoup.parser.Token$StartTag,org.jsoup.parser.HtmlTreeBuilder)
org.jsoup.nodes.Document: org.jsoup.nodes.Document quirksMode(org.jsoup.nodes.Document$QuirksMode)
org.jsoup.nodes.Attribute: boolean isBooleanAttribute(java.lang.String)
androidx.lifecycle.ReportFragment$LifecycleCallbacks: void onActivityPaused(android.app.Activity)
coil.decode.DataSource: coil.decode.DataSource valueOf(java.lang.String)
org.jsoup.select.Evaluator$AttributeWithValueContaining: Evaluator$AttributeWithValueContaining(java.lang.String,java.lang.String)
androidx.core.view.DisplayCutoutCompat$Api28Impl: int getSafeInsetLeft(android.view.DisplayCutout)
org.jsoup.parser.TokeniserState$6: TokeniserState$6(java.lang.String,int)
org.jsoup.nodes.FormElement: FormElement(org.jsoup.parser.Tag,java.lang.String,org.jsoup.nodes.Attributes)
org.jsoup.parser.HtmlTreeBuilderState$23: HtmlTreeBuilderState$23(java.lang.String,int)
org.jsoup.nodes.Attributes$Dataset: java.lang.String put(java.lang.String,java.lang.String)
org.jsoup.nodes.Element: org.jsoup.nodes.Node clone()
org.jsoup.parser.TokeniserState$23: TokeniserState$23(java.lang.String,int)
org.jsoup.select.Evaluator$AttributeWithValueStarting: boolean matches(org.jsoup.nodes.Element,org.jsoup.nodes.Element)
androidx.appcompat.widget.ViewUtils$Api29Impl: void computeFitSystemWindows(android.view.View,android.graphics.Rect,android.graphics.Rect)
org.jsoup.nodes.TextNode: org.jsoup.nodes.TextNode createFromEncoded(java.lang.String)
org.jsoup.nodes.Entities$EscapeMode: int[] access$200(org.jsoup.nodes.Entities$EscapeMode)
androidx.appcompat.widget.LinearLayoutCompat: void setGravity(int)
org.jsoup.parser.XmlTreeBuilder: void insertCommentFor(org.jsoup.parser.Token$Comment)
androidx.core.widget.PopupWindowCompat$Api23Impl: boolean getOverlapAnchor(android.widget.PopupWindow)
org.jsoup.Jsoup: boolean isValid(java.lang.String,org.jsoup.safety.Safelist)
androidx.datastore.preferences.PreferencesProto$Value$ValueCase: androidx.datastore.preferences.PreferencesProto$Value$ValueCase valueOf(java.lang.String)
org.jsoup.parser.CharacterReader: boolean isTrackNewlines()
org.jsoup.internal.StringUtil: java.lang.StringBuilder borrowBuilder()
androidx.core.view.accessibility.AccessibilityNodeInfoCompat$Api33Impl: androidx.core.view.accessibility.AccessibilityNodeInfoCompat$CollectionItemInfoCompat buildCollectionItemInfoCompat(boolean,int,int,int,int,boolean,java.lang.String,java.lang.String)
org.jsoup.nodes.Element: org.jsoup.nodes.Element selectFirst(java.lang.String)
org.jsoup.nodes.Document: org.jsoup.nodes.DocumentType documentType()
androidx.appcompat.widget.Toolbar: android.view.Menu getMenu()
androidx.core.graphics.drawable.IconCompat$Api28Impl: android.net.Uri getUri(java.lang.Object)
org.jsoup.parser.CharacterReader: char current()
org.jsoup.select.Evaluator: java.util.function.Predicate asPredicate(org.jsoup.nodes.Element)
androidx.core.graphics.drawable.IconCompat: IconCompat()
org.jsoup.nodes.DataNode: org.jsoup.nodes.DataNode setWholeData(java.lang.String)