app/build/outputs/mapping/release/usage.txt
com.codeforces.app.BottomNavItem:
    public static final int $stable
    public synthetic void <init>(java.lang.String,java.lang.String,androidx.compose.ui.graphics.vector.ImageVector,androidx.compose.ui.graphics.vector.ImageVector,int,kotlin.jvm.internal.DefaultConstructorMarker)
    public final java.lang.String component1()
    public final java.lang.String component2()
    public final androidx.compose.ui.graphics.vector.ImageVector component3()
    public final androidx.compose.ui.graphics.vector.ImageVector component4()
    public final com.codeforces.app.BottomNavItem copy(java.lang.String,java.lang.String,androidx.compose.ui.graphics.vector.ImageVector,androidx.compose.ui.graphics.vector.ImageVector)
    public static synthetic com.codeforces.app.BottomNavItem copy$default(com.codeforces.app.BottomNavItem,java.lang.String,java.lang.String,androidx.compose.ui.graphics.vector.ImageVector,androidx.compose.ui.graphics.vector.ImageVector,int,java.lang.Object)
    public final java.lang.String getRoute()
com.codeforces.app.BuildConfig
com.codeforces.app.CodeforcesApp:
    public static final int $stable
com.codeforces.app.CodeforcesApp_ComponentTreeDeps
com.codeforces.app.CodeforcesApp_HiltComponents$ActivityC$Builder
com.codeforces.app.CodeforcesApp_HiltComponents$ActivityCBuilderModule
com.codeforces.app.CodeforcesApp_HiltComponents$ActivityRetainedC$Builder
com.codeforces.app.CodeforcesApp_HiltComponents$ActivityRetainedCBuilderModule
com.codeforces.app.CodeforcesApp_HiltComponents$FragmentC$Builder
com.codeforces.app.CodeforcesApp_HiltComponents$FragmentC
com.codeforces.app.CodeforcesApp_HiltComponents$FragmentCBuilderModule
com.codeforces.app.CodeforcesApp_HiltComponents$ServiceC$Builder
com.codeforces.app.CodeforcesApp_HiltComponents$ServiceC
com.codeforces.app.CodeforcesApp_HiltComponents$ServiceCBuilderModule
com.codeforces.app.CodeforcesApp_HiltComponents$ViewC$Builder
com.codeforces.app.CodeforcesApp_HiltComponents$ViewC
com.codeforces.app.CodeforcesApp_HiltComponents$ViewCBuilderModule
com.codeforces.app.CodeforcesApp_HiltComponents$ViewModelC$Builder
com.codeforces.app.CodeforcesApp_HiltComponents$ViewModelCBuilderModule
com.codeforces.app.CodeforcesApp_HiltComponents$ViewWithFragmentC$Builder
com.codeforces.app.CodeforcesApp_HiltComponents$ViewWithFragmentC
com.codeforces.app.CodeforcesApp_HiltComponents$ViewWithFragmentCBuilderModule
com.codeforces.app.CodeforcesApp_HiltComponents
com.codeforces.app.DaggerCodeforcesApp_HiltComponents_SingletonC$ActivityCImpl$LazyClassKeyProvider:
    com.codeforces.app.MainViewModel com_codeforces_app_MainViewModel2
    com.codeforces.app.ui.screens.blog.BlogViewModel com_codeforces_app_ui_screens_blog_BlogViewModel2
    com.codeforces.app.ui.screens.contests.ContestViewModel com_codeforces_app_ui_screens_contests_ContestViewModel2
    com.codeforces.app.ui.screens.home.HomeViewModel com_codeforces_app_ui_screens_home_HomeViewModel2
    com.codeforces.app.ui.screens.leaderboard.LeaderboardViewModel com_codeforces_app_ui_screens_leaderboard_LeaderboardViewModel2
    com.codeforces.app.ui.screens.login.LoginViewModel com_codeforces_app_ui_screens_login_LoginViewModel2
    com.codeforces.app.ui.screens.login.WebLoginViewModel com_codeforces_app_ui_screens_login_WebLoginViewModel2
    com.codeforces.app.ui.screens.onboarding.OnboardingViewModel com_codeforces_app_ui_screens_onboarding_OnboardingViewModel2
    com.codeforces.app.ui.screens.problems.ProblemDetailViewModel com_codeforces_app_ui_screens_problems_ProblemDetailViewModel2
    com.codeforces.app.ui.screens.problems.ProblemsViewModel com_codeforces_app_ui_screens_problems_ProblemsViewModel2
    com.codeforces.app.ui.screens.profile.ProfileViewModel com_codeforces_app_ui_screens_profile_ProfileViewModel2
    com.codeforces.app.ui.screens.search.SearchViewModel com_codeforces_app_ui_screens_search_SearchViewModel2
...
com.patrykandpatrick.vico.core.chart.dimensions.HorizontalDimensions:
    public abstract float getContentWidth(int)
    public abstract float getScalableContentWidth(int)
    public abstract float getScalableEndPadding()
    public abstract float getScalablePadding()
    public abstract float getScalableStartPadding()
    public abstract float getUnscalableEndPadding()
    public abstract float getUnscalablePadding()
    public abstract float getUnscalableStartPadding()
com.patrykandpatrick.vico.core.chart.dimensions.HorizontalDimensionsKt
com.patrykandpatrick.vico.core.chart.dimensions.MutableHorizontalDimensions:
    public static void clear()
    public final void ensureValuesAtLeast(float,float,float,float,float)
    public final float getContentWidth(int)
    public static com.patrykandpatrick.vico.core.chart.dimensions.MutableHorizontalDimensions set()
    public static void setScalableEndPadding()
    public static void setScalableStartPadding()
    public static void setUnscalableEndPadding()
    public static void setUnscalableStartPadding()
    public static void setXSpacing()
com.patrykandpatrick.vico.core.chart.draw.ChartDrawContext$DefaultImpls
com.patrykandpatrick.vico.core.chart.draw.ChartDrawContext
com.patrykandpatrick.vico.core.chart.draw.ChartDrawContextExtensionsKt$chartDrawContext$1:
    public final com.patrykandpatrick.vico.core.model.Point markerTouchPoint
    public final float zoom
    public final android.graphics.Canvas getCanvas()
    public static android.graphics.RectF getChartBounds()
    public final long getElevationOverlayColor()
    public static com.patrykandpatrick.vico.core.chart.dimensions.HorizontalDimensions getHorizontalDimensions()
    public static float getHorizontalScroll()
    public final boolean isHorizontalScrollEnabled()
    public final void restoreCanvasToCount()
    public final int saveLayer()
com.patrykandpatrick.vico.core.chart.draw.ChartDrawContextExtensionsKt
com.patrykandpatrick.vico.core.chart.draw.ChartDrawContextKt
com.patrykandpatrick.vico.core.chart.edges.FadingEdges
com.patrykandpatrick.vico.core.chart.insets.ChartInsetter$DefaultImpls
com.patrykandpatrick.vico.core.chart.insets.HorizontalInsets
com.patrykandpatrick.vico.core.chart.insets.Insets:
    public final void clear()
    public static float getBottom()
    public static float getEnd()
    public final float getLeft(boolean)
    public final float getRight(boolean)
    public static float getStart()
    public static float getTop()
    public static float getVertical()
    public static com.patrykandpatrick.vico.core.chart.insets.Insets set()
    public static void set()
    public final void set(float,float,float,float)
    public static void setBottom()
    public static void setEnd()
    public static void setStart()
    public static void setTop()
    public static com.patrykandpatrick.vico.core.chart.insets.Insets setVertical()
com.patrykandpatrick.vico.core.chart.layout.HorizontalLayout$Companion
com.patrykandpatrick.vico.core.chart.layout.HorizontalLayout$FullWidth
com.patrykandpatrick.vico.core.chart.layout.HorizontalLayout:
    public static final com.patrykandpatrick.vico.core.chart.layout.HorizontalLayout$Companion Companion
    static void <clinit>()
com.patrykandpatrick.vico.core.chart.line.LineChart$$InternalSyntheticThrowCCEIfNotNull$29$8705ea5502f0ae46f42e0d980422112bd7f9bbc707769088ae8d6c64d3ed3fde$0
com.patrykandpatrick.vico.core.chart.line.LineChart$$InternalSyntheticThrowCCEIfNotNull$35$03883992ae175ba1a0f8b17456ad0afda2a68340b5dba7f342f8f6095b9ac878$0
com.patrykandpatrick.vico.core.chart.line.LineChart$$InternalSyntheticThrowCCEIfNotNull$35$03883992ae175ba1a0f8b17456ad0afda2a68340b5dba7f342f8f6095b9ac878$1
com.patrykandpatrick.vico.core.chart.line.LineChart$$InternalSyntheticThrowCCEIfNotNull$35$03883992ae175ba1a0f8b17456ad0afda2a68340b5dba7f342f8f6095b9ac878$2